commit 330b02c2f6ef0d6b2b2e70803536c40f1f5a3129
Author: hamzamuhammad <hamzamuhammad@utexas.edu>
Date:   Wed Apr 19 22:20:28 2017 -0500

    updated about page and number of search results on search page

commit 3711eeca33327cfd73e96d90c4ffe5c5bed91c59
Author: hamzamuhammad <hamzamuhammad@utexas.edu>
Date:   Tue Apr 18 02:08:47 2017 -0500

    press enter works and removed pagination buttons

commit 6059039088e0a1bee9fe46a488bfe5b70cc7175a
Author: hamzamuhammad <hamzamuhammad@utexas.edu>
Date:   Mon Apr 17 23:18:14 2017 -0500

    Added visualization to the about page and corresponding route in main.py

commit 8a3c70650280a1df0871a3ce42863a0ab8434140
Author: hamzamuhammad <hamzamuhammad@utexas.edu>
Date:   Mon Apr 17 22:44:53 2017 -0500

    finished search bar

commit 648a4500f827cc0cce113b26c5a308f8e4f137ca
Author: hamzamuhammad <hamzamuhammad@utexas.edu>
Date:   Mon Apr 17 22:02:33 2017 -0500

    Added highlighting on search

commit 3d1ee7c64e1fd90c6f0e5c92f2e3793089d0be32
Author: hamzamuhammad <hamzamuhammad@utexas.edu>
Date:   Mon Apr 17 20:20:03 2017 -0500

    Added basic search capability for videos.

commit a64f425793e716ca350fc66c0137920a5186f944
Author: Vinay Rayini <rayiniv@hotmail.com>
Date:   Mon Apr 10 14:36:43 2017 -0500

    Transferring API Description file from Apiary.io

commit 7f5d0398a23252deff902731d191850b452b0ff7
Author: Vinay Rayini <rayiniv@hotmail.com>
Date:   Mon Apr 10 13:38:12 2017 -0500

    Updated descriptions

commit 3a77846a443685a4f30abb58f82d8c95f02de30e
Author: Vinay Rayini <rayiniv@hotmail.com>
Date:   Mon Apr 10 13:18:06 2017 -0500

    Updated endpoint URLs

commit 0dac9a0c5b20a421d86d94709baaab3c1c990689
Author: hamzamuhammad <hamzamuhammad@utexas.edu>
Date:   Thu Apr 6 21:25:51 2017 -0500

    Fixed tests.out, final commit

commit b362fb601402147a6d076b32260bbd1c42266b6c
Author: hamzamuhammad <hamzamuhammad@utexas.edu>
Date:   Thu Apr 6 21:19:15 2017 -0500

    Added all remaining files

commit e7eb56a5e9eb31a18cc50d7ac13c47777b254b25
Author: hamzamuhammad <hamzamuhammad@utexas.edu>
Date:   Thu Apr 6 20:36:49 2017 -0500

    Fixed filtering issues, fixed #27

commit 6cb19a783a9a5a661500399706cfbc7ffbd15ba8
Merge: f4fe064f d521556d
Author: hamzamuhammad <hamzamuhammad@utexas.edu>
Date:   Thu Apr 6 19:52:42 2017 -0500

    Merge branch 'master' of https://github.com/rayiniv/idb

commit f4fe064fa4b80a051a04e1543dd971021378ec12
Author: hamzamuhammad <hamzamuhammad@utexas.edu>
Date:   Thu Apr 6 19:52:38 2017 -0500

    all pagination, filtering, and sorting working website is functional. fixed #27

commit d521556d9a33f3efafdd7c5695506efa0b790ee7
Merge: a32527d7 c99be32d
Author: Zal Daroga <zaldaroga@yahoo.com>
Date:   Thu Apr 6 18:42:31 2017 -0500

    Merge branch 'master' of https://github.com/rayiniv/idb

commit a32527d7fafa249f8f13aee3ba614e7754eceade
Author: Zal Daroga <zaldaroga@yahoo.com>
Date:   Thu Apr 6 18:42:13 2017 -0500

    Finished technical report. Resolves #30

commit c99be32de410fb471699a93d397bf02661dd7daf
Author: hamzamuhammad <hamzamuhammad@utexas.edu>
Date:   Thu Apr 6 16:44:55 2017 -0500

    halfway done with porting logic

commit 513f603a555578ee70d44be908ea02377d2fefab
Author: hamzamuhammad <hamzamuhammad@utexas.edu>
Date:   Thu Apr 6 15:49:17 2017 -0500

    Updated CSS and sorting button

commit 553dcd523c5095451fa8d5c85864c79d7fe9deb8
Author: hamzamuhammad <hamzamuhammad@utexas.edu>
Date:   Thu Apr 6 11:09:36 2017 -0500

    Added visual effects for button pressing on videos page.

commit 3d892da730b163b61b5279345ab4cff2fb6d4b5c
Author: hamzamuhammad <hamzamuhammad@utexas.edu>
Date:   Thu Apr 6 10:28:30 2017 -0500

    Added sorted and filtering for the videos page

commit 2f681d3f10476a268581b9d50090da069862a283
Merge: 495859c0 e02918b4
Author: hamzamuhammad <hamzamuhammad@utexas.edu>
Date:   Thu Apr 6 06:48:52 2017 -0500

    Merge branch 'master' of https://github.com/rayiniv/idb

commit 495859c0fb0155df4b51158ec616639ee29109cd
Author: hamzamuhammad <hamzamuhammad@utexas.edu>
Date:   Thu Apr 6 06:48:43 2017 -0500

    connected all instance pages with tabs, working on sorting and filtering

commit e02918b4496cfff3d391b52ae38293d2194206d4
Merge: 80cc270b 5922bf21
Author: Pradyumn Pagadala <pradyumn@utexas.edu>
Date:   Thu Apr 6 06:37:35 2017 -0500

    changed about page, added technical documentation

commit 80cc270b1b3ed796726f6b617534467952b7488e
Author: Pradyumn Pagadala <pradyumn@utexas.edu>
Date:   Thu Apr 6 06:36:45 2017 -0500

    changed about page, added technical documentation

commit 5922bf21b091c8567991d4f86343ff1c5fc4b57f
Merge: 414e95c4 9144b602
Author: hamzamuhammad <hamzamuhammad@utexas.edu>
Date:   Thu Apr 6 04:39:53 2017 -0500

    added 4 tabs

commit 414e95c46375ad326959abdc770789c1aa1dbd48
Author: hamzamuhammad <hamzamuhammad@utexas.edu>
Date:   Thu Apr 6 04:34:17 2017 -0500

    setup all tabs for various items, working on intermediate pages

commit 9144b602f3c7e1a96202f01a8c67da4cc6f3e72f
Author: Pradyumn Pagadala <pradyumn@utexas.edu>
Date:   Thu Apr 6 03:20:14 2017 -0500

    refactored the front end

commit 073e87f0ac59af82d0dfd63593c33b6f64d6133a
Author: hamzamuhammad <hamzamuhammad@utexas.edu>
Date:   Thu Apr 6 03:07:00 2017 -0500

    added channel tab

commit 266886f5a51e167b9b76d609a4021b3261912375
Author: hamzamuhammad <hamzamuhammad@utexas.edu>
Date:   Thu Apr 6 02:45:15 2017 -0500

    got video tab fully working now have to hook up other stuff

commit b2853987e69e127756b97757e553fd69d7ed2da3
Author: hamzamuhammad <hamzamuhammad@utexas.edu>
Date:   Thu Apr 6 01:32:08 2017 -0500

    Pagination working for video tab

commit 0d4c6da1b4a4d6ed610e9d8da41238a2a462c87e
Author: hamzamuhammad <hamzamuhammad@utexas.edu>
Date:   Thu Apr 6 00:16:22 2017 -0500

    combined frontend and backend, working on full integration

commit c2a9fcad4621b5b82a262dbd570fe116005111ee
Merge: 9297cf0d 73261a1d
Author: hamzamuhammad <hamzamuhammad@utexas.edu>
Date:   Wed Apr 5 19:29:16 2017 -0500

    Merge branch 'master' of https://github.com/rayiniv/idb

commit 9297cf0d1c2b428a5d66af5fbc323e724eca7ce3
Author: hamzamuhammad <hamzamuhammad@utexas.edu>
Date:   Wed Apr 5 19:29:00 2017 -0500

    Fixed json files and data in database

commit 73261a1da4e81c1dbb1ae97dc9ade5d26920a372
Author: Vinay Rayini <rayiniv@hotmail.com>
Date:   Wed Apr 5 17:23:33 2017 -0500

    Updated API Description

commit 67d5c67d157e24539392b83ff14fb25371c3970b
Author: Vinay Rayini <rayiniv@hotmail.com>
Date:   Wed Apr 5 17:06:09 2017 -0500

    Updated API documentation

commit 3c752385cc8b0fd7312c2f194be2d92dff78a4e1
Author: Vinay Rayini <rayiniv@hotmail.com>
Date:   Wed Apr 5 16:25:33 2017 -0500

    Updated API Descriptions

commit a9ce8546ee92e05284907fd3f75cc2a8e4efd8dc
Author: Vinay Rayini <rayiniv@hotmail.com>
Date:   Wed Apr 5 16:19:29 2017 -0500

    Transferring API Description file from Apiary.io

commit cecd6a8a6b603b075aff0362ce09001445aa0080
Author: hamzamuhammad <hamzamuhammad@utexas.edu>
Date:   Wed Apr 5 02:00:50 2017 -0500

    fixed db issues

commit aacbc15139843a86cf6729c128edd341961e4287
Author: hamzamuhammad <hamzamuhammad@utexas.edu>
Date:   Tue Apr 4 23:32:05 2017 -0500

    untracked app.yaml

commit d94578b676dca60ea4da6c8ef4024f9d2f42de29
Merge: 4226359d a4ffd1e9
Author: hamzamuhammad <hamzamuhammad@utexas.edu>
Date:   Tue Apr 4 23:27:35 2017 -0500

    Merge branch 'master' of https://github.com/rayiniv/idb

commit 4226359d3a7dc4fdfb4f1625daf8e7b968bbdf6a
Author: hamzamuhammad <hamzamuhammad@utexas.edu>
Date:   Tue Apr 4 23:26:36 2017 -0500

    cleaned up models

commit 0cb4e872ad64e2a9170b5477a0fedeca0e264106
Author: hamzamuhammad <hamzamuhammad@utexas.edu>
Date:   Tue Apr 4 23:14:48 2017 -0500

    Setup database, and updated data in database. Fixed #23, fixed #24, fixed #25, fixed #26.

commit a4ffd1e95ef92dc347457649bd6d8972a2e80345
Author: Pradyumn Pagadala <pradyumn@utexas.edu>
Date:   Tue Apr 4 20:44:12 2017 -0500

    added information about react in the About page

commit 2d7eaef81fb1b9c2fe3d8a88f5503b8dca78887b
Author: Pradyumn Pagadala <pradyumn@utexas.edu>
Date:   Tue Apr 4 20:21:40 2017 -0500

    fixed uml diagram

commit baaf8a600e0b3d6ccd7af32f443df4fa7bf777e8
Author: Pradyumn Pagadala <pradyumn@utexas.edu>
Date:   Tue Apr 4 20:09:32 2017 -0500

    edited the technical document

commit 5fb71554b94b74503d67dabcaa7b5ab6f578915b
Author: Pradyumn Pagadala <pradyumn@utexas.edu>
Date:   Sun Apr 2 19:15:02 2017 -0500

    cleaned up the navbar

commit 0ce76d04bb90cfb6c0cfb804a148c44a3990c371
Author: hamzamuhammad <hamzamuhammad@utexas.edu>
Date:   Thu Mar 23 20:30:26 2017 -0500

    final commit for phase 1

commit 9250a133c0543ab8b9f58697f504d59d24cfa032
Author: hamzamuhammad <hamzamuhammad@utexas.edu>
Date:   Thu Mar 23 20:11:37 2017 -0500

    updated about page

commit 94bb551ab12336196779ce76de32f3b7665f7674
Author: hamzamuhammad <hamzamuhammad@utexas.edu>
Date:   Thu Mar 23 19:36:30 2017 -0500

    Fixed navbar

commit 82546465b479ce6c17a8374ed6577e88cf79e46c
Author: Voulgaropoulos, Nicole <nvoulgaropoulos@consultant.underarmour.com>
Date:   Thu Mar 23 19:09:03 2017 -0500

    nicer navbar?

commit 58c1733465c3c5cd1f859942be65d9d0d63c0d1d
Author: hamzamuhammad <hamzamuhammad@utexas.edu>
Date:   Thu Mar 23 19:01:42 2017 -0500

    updated html pages to use grids

commit a4666efc62bdf605e00c3a548fb498dadbbf22f8
Author: hamzamuhammad <hamzamuhammad@utexas.edu>
Date:   Thu Mar 23 16:38:05 2017 -0500

    fixed bugs

commit cfa3a069a4868b038aebb004a7d34cf1dd78a9fc
Merge: 763383a4 0a594845
Author: hamzamuhammad <hamzamuhammad@utexas.edu>
Date:   Thu Mar 23 16:09:05 2017 -0500

    Merge branch 'master' of https://github.com/rayiniv/YouTubeSWEg

commit 763383a4b9130580af9790acc591b6aa1c7a3980
Author: hamzamuhammad <hamzamuhammad@utexas.edu>
Date:   Thu Mar 23 16:08:48 2017 -0500

    added test grid page

commit 0a5948452233362bc4c188cc0633428da86cc8d4
Merge: 2e893c86 25ac7230
Author: Pradyumn Pagadala <pradyumn@utexas.edu>
Date:   Thu Mar 23 15:48:43 2017 -0500

    merged

commit 25ac7230db440c0fa5243c9dcdad67c06c32415b
Merge: 4f6e6376 f70b3938
Author: Zal Daroga <zaldaroga@yahoo.com>
Date:   Thu Mar 23 14:39:52 2017 -0500

    Merge branch 'master' of https://github.com/rayiniv/YouTubeSWEg

commit 4f6e6376dad9015c65667bb10c0b9255cd012aa9
Author: Zal Daroga <zaldaroga@yahoo.com>
Date:   Thu Mar 23 14:39:42 2017 -0500

    Update about page

commit f70b39388bf4a05f92db3187b7a22f3343f0f394
Author: Nicole <nicolev7007@gmail.com>
Date:   Thu Mar 23 14:36:02 2017 -0500

    Update about.html

commit c0b9b42eedd0a2d203cdcbccf2450c4d473135cd
Author: Zal Daroga <zaldaroga@yahoo.com>
Date:   Thu Mar 23 14:34:09 2017 -0500

    Update picture for Zal

commit 71802e8e4b22fabf8812dca62ba2ac231929f495
Author: Zal Daroga <zaldaroga@yahoo.com>
Date:   Thu Mar 23 14:22:35 2017 -0500

    Switched to grid from table

commit 2e893c86b233d810c9660bbace10522f6af8f186
Author: Pradyumn Pagadala <pradyumn@utexas.edu>
Date:   Thu Mar 23 13:46:01 2017 -0500

    Moved navbar code from head to body, deleted unused code

commit 960884b2ea3e8110b38d44c4f8d8d43afcf9576f
Author: hamzamuhammad <hamzamuhammad@utexas.edu>
Date:   Thu Mar 23 04:53:36 2017 -0500

    ran autopep8, pylint, and pydoc

commit 080fb8db1c405fa9df853643058ed2c557ceb2ce
Merge: 7e1fd0b3 0aba0785
Author: hamzamuhammad <hamzamuhammad@utexas.edu>
Date:   Thu Mar 23 03:58:55 2017 -0500

    Merge branch 'master' of https://github.com/rayiniv/YouTubeSWEg

commit 7e1fd0b347af8b7f3f400894ee1667e16941eebd
Author: hamzamuhammad <hamzamuhammad@utexas.edu>
Date:   Thu Mar 23 03:58:43 2017 -0500

    finished about page. fixed #18 fixed #19 fixed #17.

commit 0aba07854d80a3057887d832a2400f0b9c20cfee
Author: zaldaroga <zaldaroga@yahoo.com>
Date:   Thu Mar 23 08:17:15 2017 +0000

    Fixed makefile to run pylint on all python files

commit a9948547b59491c60f5f16a9090df52e26efaea0
Merge: 66e743de f217bf52
Author: Zal Daroga <zaldaroga@yahoo.com>
Date:   Thu Mar 23 03:06:55 2017 -0500

    Merge branch 'master' of https://github.com/rayiniv/YouTubeSWEg

commit 66e743de5120ec51ee17350f8517ef6a6a308f94
Author: Zal Daroga <zaldaroga@yahoo.com>
Date:   Thu Mar 23 03:06:43 2017 -0500

    Added makefile for pylint and autopep8

commit f217bf521c1e0504b2644540b1746c9300c10c26
Author: Vinay Rayini <rayiniv@hotmail.com>
Date:   Thu Mar 23 02:28:05 2017 -0500

    Updated API descriptions

commit d12df7b8c0b424dbf58149f0364a27abb68f4865
Author: Shaayaan Sayed <shaayaansayed@wireless-10-145-106-184.public.utexas.edu>
Date:   Thu Mar 23 01:42:01 2017 -0500

    uml diagram

commit 906486dda822352c8386ebf4714de387be597e76
Author: Zal Daroga <zaldaroga@yahoo.com>
Date:   Thu Mar 23 01:33:37 2017 -0500

    Updated README.md

commit ba43cb72fd14cca5211ddadce8b88b070ea7596f
Merge: 8b558b50 aac3c596
Author: hamzamuhammad <hamzamuhammad@utexas.edu>
Date:   Thu Mar 23 00:24:25 2017 -0500

    Merge branch 'master' of https://github.com/rayiniv/YouTubeSWEg

commit 8b558b50930a720eddd344d21e5e1b06ffa4c624
Author: hamzamuhammad <hamzamuhammad@utexas.edu>
Date:   Thu Mar 23 00:24:23 2017 -0500

    changed some slight stuff

commit aac3c596b971d5145cacfd69cba305b443c01f90
Author: Pradyumn Pagadala <pradyumn@utexas.edu>
Date:   Thu Mar 23 00:22:42 2017 -0500

    removed unnessecary CSS

commit ad4cb1e986ec5f17ddb085d4c880f5d7da880c07
Author: Vinay Rayini <rayiniv@hotmail.com>
Date:   Thu Mar 23 00:18:39 2017 -0500

    Fixed video to category relationship in DB

commit d2449aa17e99b990c04f9dc8af55305e25d02db4
Author: Pradyumn Pagadala <Prad@wireless-10-147-250-110.public.utexas.edu>
Date:   Thu Mar 23 00:13:44 2017 -0500

    fixed splash page and css

commit a93ce1453da749c393672a115d2ef8ace1a4da33
Author: hamzamuhammad <hamzamuhammad@utexas.edu>
Date:   Wed Mar 22 23:22:16 2017 -0500

    fixed navbar active tabs

commit c44bac32172420a17afa9ac9c2848300ad37ed09
Merge: 58016e93 c6f870b9
Author: hamzamuhammad <hamzamuhammad@utexas.edu>
Date:   Wed Mar 22 22:50:02 2017 -0500

    fixed merge conflicts

commit 58016e93c6c9a5016cef8d3ed74926679d22256d
Author: hamzamuhammad <hamzamuhammad@utexas.edu>
Date:   Wed Mar 22 22:42:01 2017 -0500

    started about page. fixed #16

commit c6f870b9139b6751ea2d28d40d05029eba578cef
Author: Voulgaropoulos, Nicole <nvoulgaropoulos@consultant.underarmour.com>
Date:   Wed Mar 22 22:10:15 2017 -0500

    active navbar

commit ee4f98c7165287768dc0394776eb4c23f70f29a2
Author: Vinay Rayini <rayiniv@hotmail.com>
Date:   Wed Mar 22 21:21:49 2017 -0500

    Updated tests

commit 900b3f9e0deb0e271e15dceba563e4517b5f1cbc
Merge: 20fad4d5 191d982f
Author: Vinay Rayini <rayiniv@hotmail.com>
Date:   Wed Mar 22 21:19:58 2017 -0500

    Merge branch 'master' of https://github.com/rayiniv/YouTubeSWEg

commit 20fad4d5c691b9a11d7c7f52740132a084420252
Author: Vinay Rayini <rayiniv@hotmail.com>
Date:   Wed Mar 22 21:19:25 2017 -0500

    Added unit tests

commit 191d982fef79abd12c96e0fc1b0323dc80cce3bb
Author: Voulgaropoulos, Nicole <nvoulgaropoulos@consultant.underarmour.com>
Date:   Wed Mar 22 20:36:31 2017 -0500

    fixed stylesheet link

commit c9f256ef30acbff243d8a3e4630a598a76b812b7
Author: Vinay Rayini <rayiniv@hotmail.com>
Date:   Wed Mar 22 19:54:42 2017 -0500

    fixing travis integration

commit b2a3261fd96b9ea1800e8548ef1380398dcaf426
Author: Vinay Rayini <rayiniv@hotmail.com>
Date:   Wed Mar 22 19:48:37 2017 -0500

    testing travis integration

commit eeab789659cfa0ae124c19a591974a517d27c5f7
Author: Vinay Rayini <rayiniv@hotmail.com>
Date:   Wed Mar 22 19:45:28 2017 -0500

    fixing travis file

commit f0f42787d1048449858705cead91e2850a7b85e5
Author: Vinay Rayini <rayiniv@hotmail.com>
Date:   Wed Mar 22 19:42:42 2017 -0500

    Added .travis.yml file. Fixed #15

commit 7ddfdf69e55f7f5fda4b2eac215d48208731083c
Author: Voulgaropoulos, Nicole <nvoulgaropoulos@consultant.underarmour.com>
Date:   Wed Mar 22 18:40:03 2017 -0500

    jank active tabs

commit 5cce30b1cc8f34b5702d8db108cb194fd796b893
Author: Voulgaropoulos, Nicole <nvoulgaropoulos@consultant.underarmour.com>
Date:   Wed Mar 22 18:18:25 2017 -0500

    updated navbar

commit c3b781e4b6768ad040a457c7f61e137078cef014
Author: hamzamuhammad <hamzamuhammad@utexas.edu>
Date:   Wed Mar 22 00:37:49 2017 -0500

    added pages using jinja2 and flask

commit cc66857129b24490ff312159b9023b7fae3784bf
Author: hamzamuhammad <hamzamuhammad@utexas.edu>
Date:   Wed Mar 22 00:35:49 2017 -0500

    hardcoded pages using jinja2 and flask

commit 8851784cf464cc230c06057932665741cd48022f
Author: hamzamuhammad <hamzamuhammad@utexas.edu>
Date:   Tue Mar 21 20:18:36 2017 -0500

    refactored bookshelf tutorial code. fixed #7

commit 6194619b57da41d80c6588b4531db81edb42e2ed
Author: hamzamuhammad <hamzamuhammad@utexas.edu>
Date:   Tue Mar 21 20:17:13 2017 -0500

    got carousel working

commit 2ae1c58fc2214f400da2641251d2336be97855be
Author: hamzamuhammad <hamzamuhammad@utexas.edu>
Date:   Mon Mar 20 21:33:44 2017 -0500

    put starter cloud code

commit 830c7832692739be8a8ef61e53897edae57c94b4
Author: hamzamuhammad <hamzamuhammad@utexas.edu>
Date:   Mon Mar 20 18:17:25 2017 -0500

    added google cloud starter code

commit 756da055262d3f139f4d797e6873d702eaac732f
Merge: f4a2612a 02d4370b
Author: Voulgaropoulos, Nicole <nvoulgaropoulos@consultant.underarmour.com>
Date:   Mon Mar 20 00:28:18 2017 -0500

    Merge remote-tracking branch 'origin/nicoleDev'

commit 02d4370b2da416c294668e75eb2ba52ba998c5d2
Author: Voulgaropoulos, Nicole <nvoulgaropoulos@consultant.underarmour.com>
Date:   Mon Mar 20 00:27:12 2017 -0500

    bootstrap and navbar

commit f4a2612ac34d0136bd2bfeb36629da4ccceec36d
Author: vinay rayini <rayiniv@hotmail.com>
Date:   Sat Mar 18 21:40:21 2017 -0500

    Added code to insert model instances to database. Insertion code intended for testing at the moment.

commit 656901bb677b74849ee3a64464ae14b72a163dcc
Author: hamzamuhammad <hamzamuhammad@utexas.edu>
Date:   Sat Mar 18 21:35:40 2017 -0500

    added relationship code for channel and category as well as association table.

commit 1cb440523b3d2ccbcd877e257001763556feb4af
Author: vinay rayini <rayiniv@hotmail.com>
Date:   Sat Mar 18 21:33:44 2017 -0500

    Added Playlist model and added relationships for video/category and video/playlist

commit 1f74aeb724d0b06f662df3a1d09b1b3ae8228961
Author: hamzamuhammad <hamzamuhammad@utexas.edu>
Date:   Sat Mar 18 21:30:28 2017 -0500

    added channel and category models.

commit eeafad02fa2c0d9f6492b19eb6c8041a60e66e16
Author: vinay rayini <rayiniv@hotmail.com>
Date:   Sat Mar 18 21:27:51 2017 -0500

    Added Video Model

commit e8b7ee749a60af8674ea8c3371b7567d28c103e2
Author: Vinay Rayini <rayiniv@hotmail.com>
Date:   Sat Mar 18 02:41:26 2017 -0500

    Added some additional optional parameters to models

commit c8b72ea2e65e88e2852b20c84685b7d63744f263
Author: Vinay Rayini <rayiniv@hotmail.com>
Date:   Sat Mar 18 02:40:57 2017 -0500

    Added some additional optional parameters to models

commit 7f1220ef70c0a668011e5ae7e544e30b73cc84aa
Author: Vinay Rayini <rayiniv@hotmail.com>
Date:   Sat Mar 18 02:24:59 2017 -0500

    Updated RESTful API to include optional parameters for all models

commit f43bfaed9106398492927db377a0c12a0432b578
Author: Vinay Rayini <rayiniv@hotmail.com>
Date:   Sat Mar 18 02:15:01 2017 -0500

    Designed 4 main resources in the RESTful API (Video, Channel, Category, and Playlist)

commit 925d23fe90f287a45489602dbc92fa8df281f3b3
Author: Vinay Rayini <rayiniv@hotmail.com>
Date:   Sat Mar 18 00:25:16 2017 -0500

    Linking apiary to repository

commit da383ebe33d50a00ccbea15fc920c316fff95268
Author: Voulgaropoulos, Nicole <nvoulgaropoulos@consultant.underarmour.com>
Date:   Thu Mar 9 20:00:48 2017 -0600

    Stay (boot)strapped

commit e41377ca6891185b99a80bb3b5c765ee2e7828dc
Author: Hamza Muhammad <hamzam@cs.utexas.edu>
Date:   Thu Mar 9 19:51:00 2017 -0600

    Added frontend and backend folders

commit 93368f8cd638106b4bd1b0775e1a6ee82c6cf098
Author: Vinay Rayini <rayiniv@hotmail.com>
Date:   Thu Mar 9 19:45:35 2017 -0600

    Initial commit
