Report
======
53 statements analysed.

Statistics by type
------------------

+---------+-------+-----------+-----------+------------+---------+
|type     |number |old number |difference |%documented |%badname |
+=========+=======+===========+===========+============+=========+
|module   |1      |1          |=          |0.00        |0.00     |
+---------+-------+-----------+-----------+------------+---------+
|class    |4      |4          |=          |100.00      |0.00     |
+---------+-------+-----------+-----------+------------+---------+
|method   |0      |0          |=          |0           |0        |
+---------+-------+-----------+-----------+------------+---------+
|function |0      |0          |=          |0           |0        |
+---------+-------+-----------+-----------+------------+---------+



Raw metrics
-----------

+----------+-------+------+---------+-----------+
|type      |number |%     |previous |difference |
+==========+=======+======+=========+===========+
|code      |66     |54.10 |66       |=          |
+----------+-------+------+---------+-----------+
|docstring |24     |19.67 |24       |=          |
+----------+-------+------+---------+-----------+
|comment   |5      |4.10  |5        |=          |
+----------+-------+------+---------+-----------+
|empty     |27     |22.13 |27       |=          |
+----------+-------+------+---------+-----------+



Duplication
-----------

+-------------------------+------+---------+-----------+
|                         |now   |previous |difference |
+=========================+======+=========+===========+
|nb duplicated lines      |0     |0        |=          |
+-------------------------+------+---------+-----------+
|percent duplicated lines |0.000 |0.000    |=          |
+-------------------------+------+---------+-----------+



Messages by category
--------------------

+-----------+-------+---------+-----------+
|type       |number |previous |difference |
+===========+=======+=========+===========+
|convention |1      |1        |=          |
+-----------+-------+---------+-----------+
|refactor   |0      |0        |=          |
+-----------+-------+---------+-----------+
|warning    |0      |0        |=          |
+-----------+-------+---------+-----------+
|error      |0      |0        |=          |
+-----------+-------+---------+-----------+



Messages
--------

+-------------------+------------+
|message id         |occurrences |
+===================+============+
|locally-disabled   |5           |
+-------------------+------------+
|wrong-import-order |1           |
+-------------------+------------+



Global evaluation
-----------------
Your code has been rated at 9.81/10 (previous run: 9.81/10, +0.00)